2011-07-08 10:28:30,630 ERROR LogInFile EfetuarLogin (DalUsuario): Object reference not set to an instance of an object. 
2011-07-08 10:28:54,094 ERROR LogInFile EfetuarLogin (DalUsuario): Object reference not set to an instance of an object. 
2011-07-08 10:32:43,523 ERROR LogInFile EfetuarLogin (DalUsuario): Object reference not set to an instance of an object. 
2011-07-08 10:41:19,096 ERROR LogInFile EfetuarLogin (DalUsuario): Object reference not set to an instance of an object. 
2011-07-08 10:47:10,069 ERROR LogInFile EfetuarLogin (DalUsuario): Object reference not set to an instance of an object. 
2011-07-08 10:51:48,231 ERROR LogInFile EfetuarLogin (DalUsuario): Object reference not set to an instance of an object. 
2011-07-08 10:52:03,387 ERROR LogInFile EfetuarLogin (DalUsuario): Object reference not set to an instance of an object. 
2011-07-08 10:52:13,644 ERROR LogInFile EfetuarLogin (DalUsuario): Object reference not set to an instance of an object. 
2011-07-08 10:56:52,983 ERROR LogInFile EfetuarLogin (DalUsuario): Object reference not set to an instance of an object. 
2011-07-08 10:56:59,467 ERROR LogInFile EfetuarLogin (DalUsuario): Object reference not set to an instance of an object. 
2011-07-08 10:57:04,312 ERROR LogInFile EfetuarLogin (DalUsuario): Object reference not set to an instance of an object. 
2011-07-08 10:57:23,495 ERROR LogInFile EfetuarLogin (DalUsuario): Object reference not set to an instance of an object. 
2011-07-08 10:57:29,798 ERROR LogInFile EfetuarLogin (DalUsuario): Object reference not set to an instance of an object. 
2011-07-08 10:57:46,288 ERROR LogInFile CalcularPeso (Default): Object reference not set to an instance of an object. 
2011-07-08 10:57:57,661 ERROR LogInFile EfetuarLogin (DalUsuario): Object reference not set to an instance of an object. 
2011-07-08 10:58:03,142 ERROR LogInFile EfetuarLogin (DalUsuario): Object reference not set to an instance of an object. 
2011-07-08 10:58:42,028 ERROR LogInFile EfetuarLogin (DalUsuario): Object reference not set to an instance of an object. 
2011-07-08 11:06:24,885 ERROR LogInFile EfetuarLogin (DalUsuario): Object reference not set to an instance of an object. 
2011-07-08 11:06:33,799 ERROR LogInFile EfetuarLogin (DalUsuario): Object reference not set to an instance of an object. 
2011-07-08 11:08:14,069 ERROR LogInFile EfetuarLogin (DalUsuario): Object reference not set to an instance of an object. 
2011-07-08 11:08:14,377 ERROR LogInFile EfetuarLogin (DalUsuario): Object reference not set to an instance of an object. 
2011-07-08 11:08:14,877 ERROR LogInFile EfetuarLogin (DalUsuario): Object reference not set to an instance of an object. 
2011-07-08 11:08:15,377 ERROR LogInFile EfetuarLogin (DalUsuario): Object reference not set to an instance of an object. 
2011-07-08 11:08:15,877 ERROR LogInFile EfetuarLogin (DalUsuario): Object reference not set to an instance of an object. 
2011-07-08 11:08:34,735 ERROR LogInFile EfetuarLogin (DalUsuario): Object reference not set to an instance of an object. 
2011-07-08 11:08:38,302 ERROR LogInFile EfetuarLogin (DalUsuario): Object reference not set to an instance of an object. 
2011-07-08 11:08:44,869 ERROR LogInFile EfetuarLogin (DalUsuario): Object reference not set to an instance of an object. 
2011-07-08 11:08:53,315 ERROR LogInFile EfetuarLogin (DalUsuario): Object reference not set to an instance of an object. 
2011-07-08 11:18:52,124 ERROR LogInFile EfetuarLogin (DalUsuario): Object reference not set to an instance of an object. 
2011-07-08 11:18:52,389 ERROR LogInFile EfetuarLogin (DalUsuario): Object reference not set to an instance of an object. 
2011-07-08 11:24:11,219 ERROR LogInFile CalcularPeso (Default): Object reference not set to an instance of an object. 
2011-07-08 11:24:21,010 ERROR LogInFile EfetuarLogin (DalUsuario): Object reference not set to an instance of an object. 
2011-07-08 11:28:46,105 ERROR LogInFile CalcularPeso (Default): Object reference not set to an instance of an object. 
2011-07-08 11:31:56,502 ERROR LogInFile CalcularPeso (Default): Object reference not set to an instance of an object. 
2011-07-08 11:32:16,870 ERROR LogInFile EfetuarLogin (DalUsuario): Object reference not set to an instance of an object. 
2011-07-08 11:32:25,803 ERROR LogInFile EfetuarLogin (DalUsuario): Object reference not set to an instance of an object. 
2011-07-08 11:35:32,961 ERROR LogInFile EfetuarLogin (DalUsuario): Object reference not set to an instance of an object. 
2011-07-08 11:39:32,982 ERROR LogInFile CalcularPeso (Default): Object reference not set to an instance of an object. 
2011-07-08 11:39:53,958 ERROR LogInFile EfetuarLogin (DalUsuario): Object reference not set to an instance of an object. 
2011-07-08 11:40:48,989 ERROR LogInFile CalcularPeso (Default): Object reference not set to an instance of an object. 
2011-07-08 11:41:02,581 ERROR LogInFile EfetuarLogin (DalUsuario): Object reference not set to an instance of an object. 
2011-07-08 11:41:27,636 ERROR LogInFile CalcularPeso (Default): Object reference not set to an instance of an object. 
2011-07-08 11:42:09,215 ERROR LogInFile CalcularPeso (Default): Object reference not set to an instance of an object. 
2011-07-08 11:42:10,296 ERROR LogInFile EfetuarLogin (DalUsuario): Object reference not set to an instance of an object. 
2011-07-08 11:42:36,733 ERROR LogInFile EfetuarLogin (DalUsuario): Object reference not set to an instance of an object. 
2011-07-08 11:42:47,950 ERROR LogInFile CalcularPeso (Default): Object reference not set to an instance of an object. 
2011-07-08 11:43:16,847 ERROR LogInFile CalcularPeso (Default): Object reference not set to an instance of an object. 
2011-07-08 11:44:10,204 ERROR LogInFile EfetuarLogin (DalUsuario): Object reference not set to an instance of an object. 
2011-07-08 11:44:12,657 ERROR LogInFile EfetuarLogin (DalUsuario): Object reference not set to an instance of an object. 
2011-07-08 11:44:41,566 ERROR LogInFile CalcularPeso (Default): Object reference not set to an instance of an object. 
2011-07-08 11:44:49,034 ERROR LogInFile CalcularPeso (Default): Object reference not set to an instance of an object. 
2011-07-08 11:44:57,804 ERROR LogInFile CalcularPeso (Default): Object reference not set to an instance of an object. 
2011-07-08 11:45:03,305 ERROR LogInFile CalcularPeso (Default): Object reference not set to an instance of an object. 
2011-07-08 11:45:05,921 ERROR LogInFile CalcularPeso (Default): Object reference not set to an instance of an object. 
2011-07-08 11:45:07,865 ERROR LogInFile CalcularPeso (Default): Object reference not set to an instance of an object. 
2011-07-08 11:45:09,862 ERROR LogInFile CalcularPeso (Default): Object reference not set to an instance of an object. 
2011-07-08 11:45:11,553 ERROR LogInFile CalcularPeso (Default): Object reference not set to an instance of an object. 
2011-07-08 11:45:14,532 ERROR LogInFile CalcularPeso (Default): Object reference not set to an instance of an object. 
2011-07-08 11:45:22,414 ERROR LogInFile EfetuarLogin (DalUsuario): Object reference not set to an instance of an object. 
2011-07-08 11:45:26,162 ERROR LogInFile EfetuarLogin (DalUsuario): Object reference not set to an instance of an object. 
2011-07-08 11:45:28,359 ERROR LogInFile ObterUsuarioPorEmailTitular (DalUsuario): Object reference not set to an instance of an object. 
2011-07-08 11:46:01,643 ERROR LogInFile EfetuarLogin (DalUsuario): Object reference not set to an instance of an object. 
2011-07-08 11:46:02,813 ERROR LogInFile EfetuarLogin (DalUsuario): Object reference not set to an instance of an object. 
2011-07-08 11:46:30,080 ERROR LogInFile CalcularPeso (Default): Object reference not set to an instance of an object. 
2011-07-08 11:46:54,622 ERROR LogInFile EfetuarLogin (DalUsuario): Object reference not set to an instance of an object. 
2011-07-08 14:05:50,922 DEBUG LogInFile CodPedido:327 
2011-07-08 15:10:43,214 ERROR LogInFile Erro exibindo anexo: (Page_load, ExibeAnexo)Thread was being aborted. 
2011-07-08 15:13:57,086 ERROR LogInFile EmitirLaudo.aspx.vb (ConvertURLToPDF): Could not save the PDF document. The found license is for a different product.. 
2011-07-08 15:18:00,007 ERROR LogInFile Erro exibindo anexo: (Page_load, ExibeAnexo)Thread was being aborted. 
2011-07-08 15:18:09,777 ERROR LogInFile EmitirLaudo.aspx.vb (ConvertURLToPDF): Could not save the PDF document. The found license is for a different product.. 
2011-07-08 15:18:19,238 ERROR LogInFile EmitirLaudo.aspx.vb (ConvertURLToPDF): Could not save the PDF document. The found license is for a different product.. 
2011-07-08 15:20:39,584 ERROR LogInFile Erro exibindo anexo: (Page_load, ExibeAnexo)Thread was being aborted. 
2011-07-08 15:20:39,917 ERROR LogInFile Erro exibindo anexo: (Page_load, ExibeAnexo)Thread was being aborted. 
2011-07-08 15:21:12,639 ERROR LogInFile Erro exibindo anexo: (Page_load, ExibeAnexo)Thread was being aborted. 
2011-07-08 15:21:38,297 ERROR LogInFile Erro exibindo anexo: (Page_load, ExibeAnexo)Thread was being aborted. 
2011-07-08 15:21:51,721 ERROR LogInFile Erro exibindo anexo: (Page_load, ExibeAnexo)Thread was being aborted. 
2011-07-08 15:21:51,974 ERROR LogInFile Erro exibindo anexo: (Page_load, ExibeAnexo)Thread was being aborted. 
