2011-12-01 15:09:47,014 ERROR LogInFile Erro configurando página: Client found response content type of 'text/html; charset=utf-8', but expected 'text/xml'.
The request failed with the error message:
--
<html>
    <head>
        <title>Configuration Error</title>
        <style>
         body {font-family:"Verdana";font-weight:normal;font-size: .7em;color:black;} 
         p {font-family:"Verdana";font-weight:normal;color:black;margin-top: -5px}
         b {font-family:"Verdana";font-weight:bold;color:black;margin-top: -5px}
         H1 { font-family:"Verdana";font-weight:normal;font-size:18pt;color:red }
         H2 { font-family:"Verdana";font-weight:normal;font-size:14pt;color:maroon }
         pre {font-family:"Lucida Console";font-size: .9em}
         .marker {font-weight: bold; color: black;text-decoration: none;}
         .version {color: gray;}
         .error {margin-bottom: 10px;}
         .expandable { text-decoration:underline; font-weight:bold; color:navy; cursor:hand; }
        </style>
    </head>

    <body bgcolor="white">

            <span><H1>Server Error in '/' Application.<hr width=100% size=1 color=silver></H1>

            <h2> <i>Configuration Error</i> </h2></span>

            <font face="Arial, Helvetica, Geneva, SunSans-Regular, sans-serif ">

            <b> Description: </b>An error occurred during the processing of a configuration file required to service this request. Please review the specific error details below and modify your configuration file appropriately.
            <br><br>

            <b> Parser Error Message: </b>It is an error to use a section registered as allowDefinition='MachineToApplication' beyond application level.  This error can be caused by a virtual directory not being configured as an application in IIS.<br><br>

            <b>Source Error:</b> <br><br>

            <table width=100% bgcolor="#ffffcc">
               <tr>
                  <td>
                      <code><pre>

Line 105:            ASP.NET to identify an incoming user. 
Line 106:        -->
<font color=red>Line 107:		<authentication mode="Forms" />
</font>Line 108:		<!--
Line 109:            The <customErrors> section enables configuration </pre></code>

                  </td>
               </tr>
            </table>

            <br>

            <b> Source File: </b> D:\Internet\wwwroot\Uvaia\wsintegracao\web.config<b>    Line: </b> 107
            <br><br>

            <hr width=100% size=1 color=silver>

            <b>Version Information:</b> Microsoft .NET Framework Version:2.0.50727.4216; ASP.NET Version:2.0.50727.4209

            </font>

    </body>
</html>
<!-- 
[ConfigurationErrorsException]: It is an error to use a section registered as allowDefinition='MachineToApplication' beyond application level.  This error can be caused by a virtual directory not being configured as an application in IIS. (D:\Internet\wwwroot\Uvaia\wsintegracao\web.config line 107)
   at System.Configuration.ConfigurationSchemaErrors.ThrowIfErrors(Boolean ignoreLocal)
   at System.Configuration.BaseConfigurationRecord.GetSectionRecursive(String configKey, Boolean getLkg, Boolean checkPermission, Boolean getRuntimeObject, Boolean requestIsHere, Object& result, Object& resultRuntimeObject)
   at System.Configuration.BaseConfigurationRecord.GetSection(String configKey)
   at System.Web.Configuration.RuntimeConfig.GetSectionObject(String sectionName)
   at System.Web.Configuration.RuntimeConfig.GetSection(String sectionName, Type type, ResultsIndex index)
   at System.Web.Configuration.RuntimeConfig.get_CustomErrors()
   at System.Web.Configuration.CustomErrorsSection.GetSettings(HttpContext context, Boolean canThrow)
   at System.Web.HttpResponse.ReportRuntimeError(Exception e, Boolean canThrow, Boolean localExecute)
   at System.Web.HttpContext.ReportRuntimeErrorIfExists(RequestNotificationStatus& status)
-->
--.   at System.Web.Services.Protocols.SoapHttpClientProtocol.ReadResponse(SoapClientMessage message, WebResponse response, Stream responseStream, Boolean asyncCall)
   at System.Web.Services.Protocols.SoapHttpClientProtocol.Invoke(String methodName, Object[] parameters)
   at WebSiteFrontEnd.wsUvaiaIntegracao.Integracao.ObterCodLojaPeloCnpj(String cnpj) in C:\inetpub\wwwroot\Evimail\WebSiteFrontEnd\Web References\wsUvaiaIntegracao\Reference.vb:line 309
   at WebSiteFrontEnd.ContratarServico.get_CodLojaEvimail() in C:\inetpub\wwwroot\Evimail\WebSiteFrontEnd\Webforms\ContratarServico.aspx.vb:line 52
   at WebSiteFrontEnd.ContratarServico.get_IsClienteUvaia() in C:\inetpub\wwwroot\Evimail\WebSiteFrontEnd\Webforms\ContratarServico.aspx.vb:line 64
   at WebSiteFrontEnd.ContratarServico.HabilitarCreditosUvaia() in C:\inetpub\wwwroot\Evimail\WebSiteFrontEnd\Webforms\ContratarServico.aspx.vb:line 386
   at WebSiteFrontEnd.ContratarServico.ConfigurarPagina() in C:\inetpub\wwwroot\Evimail\WebSiteFrontEnd\Webforms\ContratarServico.aspx.vb:line 288 
2011-12-01 18:15:33,441 ERROR LogInFile Email (SendMail): Failure sending mail.   at System.Net.Mail.SmtpClient.Send(MailMessage message)
   at VOL.Email.SendMail() in C:\inetpub\wwwroot\Evimail\VOL\Email.vb:line 201 
2011-12-01 19:01:31,009 ERROR LogInFile Erro configurando página: Client found response content type of 'text/html; charset=utf-8', but expected 'text/xml'.
The request failed with the error message:
--
<html>
    <head>
        <title>Configuration Error</title>
        <style>
         body {font-family:"Verdana";font-weight:normal;font-size: .7em;color:black;} 
         p {font-family:"Verdana";font-weight:normal;color:black;margin-top: -5px}
         b {font-family:"Verdana";font-weight:bold;color:black;margin-top: -5px}
         H1 { font-family:"Verdana";font-weight:normal;font-size:18pt;color:red }
         H2 { font-family:"Verdana";font-weight:normal;font-size:14pt;color:maroon }
         pre {font-family:"Lucida Console";font-size: .9em}
         .marker {font-weight: bold; color: black;text-decoration: none;}
         .version {color: gray;}
         .error {margin-bottom: 10px;}
         .expandable { text-decoration:underline; font-weight:bold; color:navy; cursor:hand; }
        </style>
    </head>

    <body bgcolor="white">

            <span><H1>Server Error in '/' Application.<hr width=100% size=1 color=silver></H1>

            <h2> <i>Configuration Error</i> </h2></span>

            <font face="Arial, Helvetica, Geneva, SunSans-Regular, sans-serif ">

            <b> Description: </b>An error occurred during the processing of a configuration file required to service this request. Please review the specific error details below and modify your configuration file appropriately.
            <br><br>

            <b> Parser Error Message: </b>It is an error to use a section registered as allowDefinition='MachineToApplication' beyond application level.  This error can be caused by a virtual directory not being configured as an application in IIS.<br><br>

            <b>Source Error:</b> <br><br>

            <table width=100% bgcolor="#ffffcc">
               <tr>
                  <td>
                      <code><pre>

Line 105:            ASP.NET to identify an incoming user. 
Line 106:        -->
<font color=red>Line 107:		<authentication mode="Forms" />
</font>Line 108:		<!--
Line 109:            The <customErrors> section enables configuration </pre></code>

                  </td>
               </tr>
            </table>

            <br>

            <b> Source File: </b> D:\Internet\wwwroot\Uvaia\wsintegracao\web.config<b>    Line: </b> 107
            <br><br>

            <hr width=100% size=1 color=silver>

            <b>Version Information:</b> Microsoft .NET Framework Version:2.0.50727.4216; ASP.NET Version:2.0.50727.4209

            </font>

    </body>
</html>
<!-- 
[ConfigurationErrorsException]: It is an error to use a section registered as allowDefinition='MachineToApplication' beyond application level.  This error can be caused by a virtual directory not being configured as an application in IIS. (D:\Internet\wwwroot\Uvaia\wsintegracao\web.config line 107)
   at System.Configuration.ConfigurationSchemaErrors.ThrowIfErrors(Boolean ignoreLocal)
   at System.Configuration.BaseConfigurationRecord.GetSectionRecursive(String configKey, Boolean getLkg, Boolean checkPermission, Boolean getRuntimeObject, Boolean requestIsHere, Object& result, Object& resultRuntimeObject)
   at System.Configuration.BaseConfigurationRecord.GetSection(String configKey)
   at System.Web.Configuration.RuntimeConfig.GetSectionObject(String sectionName)
   at System.Web.Configuration.RuntimeConfig.GetSection(String sectionName, Type type, ResultsIndex index)
   at System.Web.Configuration.RuntimeConfig.get_CustomErrors()
   at System.Web.Configuration.CustomErrorsSection.GetSettings(HttpContext context, Boolean canThrow)
   at System.Web.HttpResponse.ReportRuntimeError(Exception e, Boolean canThrow, Boolean localExecute)
   at System.Web.HttpContext.ReportRuntimeErrorIfExists(RequestNotificationStatus& status)
-->
--.   at System.Web.Services.Protocols.SoapHttpClientProtocol.ReadResponse(SoapClientMessage message, WebResponse response, Stream responseStream, Boolean asyncCall)
   at System.Web.Services.Protocols.SoapHttpClientProtocol.Invoke(String methodName, Object[] parameters)
   at WebSiteFrontEnd.wsUvaiaIntegracao.Integracao.ObterCodLojaPeloCnpj(String cnpj) in C:\inetpub\wwwroot\Evimail\WebSiteFrontEnd\Web References\wsUvaiaIntegracao\Reference.vb:line 309
   at WebSiteFrontEnd.ContratarServico.get_CodLojaEvimail() in C:\inetpub\wwwroot\Evimail\WebSiteFrontEnd\Webforms\ContratarServico.aspx.vb:line 52
   at WebSiteFrontEnd.ContratarServico.get_IsClienteUvaia() in C:\inetpub\wwwroot\Evimail\WebSiteFrontEnd\Webforms\ContratarServico.aspx.vb:line 64
   at WebSiteFrontEnd.ContratarServico.HabilitarCreditosUvaia() in C:\inetpub\wwwroot\Evimail\WebSiteFrontEnd\Webforms\ContratarServico.aspx.vb:line 386
   at WebSiteFrontEnd.ContratarServico.ConfigurarPagina() in C:\inetpub\wwwroot\Evimail\WebSiteFrontEnd\Webforms\ContratarServico.aspx.vb:line 288 
2011-12-01 19:02:12,302 ERROR LogInFile Erro configurando página: Client found response content type of 'text/html; charset=utf-8', but expected 'text/xml'.
The request failed with the error message:
--
<html>
    <head>
        <title>Configuration Error</title>
        <style>
         body {font-family:"Verdana";font-weight:normal;font-size: .7em;color:black;} 
         p {font-family:"Verdana";font-weight:normal;color:black;margin-top: -5px}
         b {font-family:"Verdana";font-weight:bold;color:black;margin-top: -5px}
         H1 { font-family:"Verdana";font-weight:normal;font-size:18pt;color:red }
         H2 { font-family:"Verdana";font-weight:normal;font-size:14pt;color:maroon }
         pre {font-family:"Lucida Console";font-size: .9em}
         .marker {font-weight: bold; color: black;text-decoration: none;}
         .version {color: gray;}
         .error {margin-bottom: 10px;}
         .expandable { text-decoration:underline; font-weight:bold; color:navy; cursor:hand; }
        </style>
    </head>

    <body bgcolor="white">

            <span><H1>Server Error in '/' Application.<hr width=100% size=1 color=silver></H1>

            <h2> <i>Configuration Error</i> </h2></span>

            <font face="Arial, Helvetica, Geneva, SunSans-Regular, sans-serif ">

            <b> Description: </b>An error occurred during the processing of a configuration file required to service this request. Please review the specific error details below and modify your configuration file appropriately.
            <br><br>

            <b> Parser Error Message: </b>It is an error to use a section registered as allowDefinition='MachineToApplication' beyond application level.  This error can be caused by a virtual directory not being configured as an application in IIS.<br><br>

            <b>Source Error:</b> <br><br>

            <table width=100% bgcolor="#ffffcc">
               <tr>
                  <td>
                      <code><pre>

Line 105:            ASP.NET to identify an incoming user. 
Line 106:        -->
<font color=red>Line 107:		<authentication mode="Forms" />
</font>Line 108:		<!--
Line 109:            The <customErrors> section enables configuration </pre></code>

                  </td>
               </tr>
            </table>

            <br>

            <b> Source File: </b> D:\Internet\wwwroot\Uvaia\wsintegracao\web.config<b>    Line: </b> 107
            <br><br>

            <hr width=100% size=1 color=silver>

            <b>Version Information:</b> Microsoft .NET Framework Version:2.0.50727.4216; ASP.NET Version:2.0.50727.4209

            </font>

    </body>
</html>
<!-- 
[ConfigurationErrorsException]: It is an error to use a section registered as allowDefinition='MachineToApplication' beyond application level.  This error can be caused by a virtual directory not being configured as an application in IIS. (D:\Internet\wwwroot\Uvaia\wsintegracao\web.config line 107)
   at System.Configuration.ConfigurationSchemaErrors.ThrowIfErrors(Boolean ignoreLocal)
   at System.Configuration.BaseConfigurationRecord.GetSectionRecursive(String configKey, Boolean getLkg, Boolean checkPermission, Boolean getRuntimeObject, Boolean requestIsHere, Object& result, Object& resultRuntimeObject)
   at System.Configuration.BaseConfigurationRecord.GetSection(String configKey)
   at System.Web.Configuration.RuntimeConfig.GetSectionObject(String sectionName)
   at System.Web.Configuration.RuntimeConfig.GetSection(String sectionName, Type type, ResultsIndex index)
   at System.Web.Configuration.RuntimeConfig.get_CustomErrors()
   at System.Web.Configuration.CustomErrorsSection.GetSettings(HttpContext context, Boolean canThrow)
   at System.Web.HttpResponse.ReportRuntimeError(Exception e, Boolean canThrow, Boolean localExecute)
   at System.Web.HttpContext.ReportRuntimeErrorIfExists(RequestNotificationStatus& status)
-->
--.   at System.Web.Services.Protocols.SoapHttpClientProtocol.ReadResponse(SoapClientMessage message, WebResponse response, Stream responseStream, Boolean asyncCall)
   at System.Web.Services.Protocols.SoapHttpClientProtocol.Invoke(String methodName, Object[] parameters)
   at WebSiteFrontEnd.wsUvaiaIntegracao.Integracao.ObterCodLojaPeloCnpj(String cnpj) in C:\inetpub\wwwroot\Evimail\WebSiteFrontEnd\Web References\wsUvaiaIntegracao\Reference.vb:line 309
   at WebSiteFrontEnd.ContratarServico.get_CodLojaEvimail() in C:\inetpub\wwwroot\Evimail\WebSiteFrontEnd\Webforms\ContratarServico.aspx.vb:line 52
   at WebSiteFrontEnd.ContratarServico.get_IsClienteUvaia() in C:\inetpub\wwwroot\Evimail\WebSiteFrontEnd\Webforms\ContratarServico.aspx.vb:line 64
   at WebSiteFrontEnd.ContratarServico.HabilitarCreditosUvaia() in C:\inetpub\wwwroot\Evimail\WebSiteFrontEnd\Webforms\ContratarServico.aspx.vb:line 386
   at WebSiteFrontEnd.ContratarServico.ConfigurarPagina() in C:\inetpub\wwwroot\Evimail\WebSiteFrontEnd\Webforms\ContratarServico.aspx.vb:line 288 
2011-12-01 19:03:24,765 DEBUG LogInFile urlCompleta: http://www.evimail.com.br/WebForms/Laudo.aspx?CodEmail=2546&idusu=140 
2011-12-01 19:03:40,427 DEBUG LogInFile urlCompleta: http://www.evimail.com.br/WebForms/Laudo.aspx?CodEmail=2546&idusu=140 
